2026-03-15 03:37:18,458 INFO sqlalchemy.engine.Engine BEGIN (implicit)
2026-03-15 03:37:18,458 INFO sqlalchemy.engine.Engine PRAGMA main.table_info("users")
2026-03-15 03:37:18,458 INFO sqlalchemy.engine.Engine [raw sql] ()
2026-03-15 03:37:18,458 INFO sqlalchemy.engine.Engine PRAGMA main.table_info("subjects")
2026-03-15 03:37:18,458 INFO sqlalchemy.engine.Engine [raw sql] ()
2026-03-15 03:37:18,459 INFO sqlalchemy.engine.Engine PRAGMA main.table_info("questions")
2026-03-15 03:37:18,459 INFO sqlalchemy.engine.Engine [raw sql] ()
2026-03-15 03:37:18,459 INFO sqlalchemy.engine.Engine PRAGMA main.table_info("paper_questions")
2026-03-15 03:37:18,459 INFO sqlalchemy.engine.Engine [raw sql] ()
2026-03-15 03:37:18,459 INFO sqlalchemy.engine.Engine PRAGMA main.table_info("papers")
2026-03-15 03:37:18,459 INFO sqlalchemy.engine.Engine [raw sql] ()
2026-03-15 03:37:18,459 INFO sqlalchemy.engine.Engine COMMIT
2026-03-15 03:37:18,466 INFO sqlalchemy.engine.Engine BEGIN (implicit)
2026-03-15 03:37:18,467 INFO sqlalchemy.engine.Engine SELECT subjects.id AS subjects_id, subjects.name AS subjects_name, subjects.code AS subjects_code, subjects.description AS subjects_description, subjects.created_at AS subjects_created_at 
FROM subjects
 LIMIT ? OFFSET ?
2026-03-15 03:37:18,467 INFO sqlalchemy.engine.Engine [generated in 0.00011s] (1, 0)
2026-03-15 03:37:18,468 INFO sqlalchemy.engine.Engine ROLLBACK

🚀 Starting Flask...
📍 Visit: http://localhost:5000

 * Serving Flask app 'app'
 * Debug mode: on
[31m[1mWARNING: This is a development server. Do not use it in a production deployment. Use a production WSGI server instead.[0m
 * Running on http://127.0.0.1:5000
[33mPress CTRL+C to quit[0m
 * Restarting with watchdog (fsevents)
2026-03-15 03:37:18,985 INFO sqlalchemy.engine.Engine BEGIN (implicit)
2026-03-15 03:37:18,985 INFO sqlalchemy.engine.Engine PRAGMA main.table_info("users")
2026-03-15 03:37:18,985 INFO sqlalchemy.engine.Engine [raw sql] ()
2026-03-15 03:37:18,985 INFO sqlalchemy.engine.Engine PRAGMA main.table_info("subjects")
2026-03-15 03:37:18,985 INFO sqlalchemy.engine.Engine [raw sql] ()
2026-03-15 03:37:18,985 INFO sqlalchemy.engine.Engine PRAGMA main.table_info("questions")
2026-03-15 03:37:18,985 INFO sqlalchemy.engine.Engine [raw sql] ()
2026-03-15 03:37:18,985 INFO sqlalchemy.engine.Engine PRAGMA main.table_info("paper_questions")
2026-03-15 03:37:18,985 INFO sqlalchemy.engine.Engine [raw sql] ()
2026-03-15 03:37:18,986 INFO sqlalchemy.engine.Engine PRAGMA main.table_info("papers")
2026-03-15 03:37:18,986 INFO sqlalchemy.engine.Engine [raw sql] ()
2026-03-15 03:37:18,986 INFO sqlalchemy.engine.Engine COMMIT
2026-03-15 03:37:18,993 INFO sqlalchemy.engine.Engine BEGIN (implicit)
2026-03-15 03:37:18,994 INFO sqlalchemy.engine.Engine SELECT subjects.id AS subjects_id, subjects.name AS subjects_name, subjects.code AS subjects_code, subjects.description AS subjects_description, subjects.created_at AS subjects_created_at 
FROM subjects
 LIMIT ? OFFSET ?
2026-03-15 03:37:18,994 INFO sqlalchemy.engine.Engine [generated in 0.00018s] (1, 0)
2026-03-15 03:37:18,995 INFO sqlalchemy.engine.Engine ROLLBACK
 * Debugger is active!
 * Debugger PIN: 127-591-230
127.0.0.1 - - [15/Mar/2026 03:37:21] "GET /api/health HTTP/1.1" 200 -

🚀 Starting Flask...
📍 Visit: http://localhost:5000

2026-03-15 03:37:24,320 INFO sqlalchemy.engine.Engine BEGIN (implicit)
2026-03-15 03:37:24,322 INFO sqlalchemy.engine.Engine SELECT users.id AS users_id, users.username AS users_username, users.email AS users_email, users.password_hash AS users_password_hash, users.role AS users_role, users.created_at AS users_created_at, users.is_active AS users_is_active 
FROM users 
WHERE users.email = ?
 LIMIT ? OFFSET ?
2026-03-15 03:37:24,322 INFO sqlalchemy.engine.Engine [generated in 0.00017s] ('admin@qpgen.com', 1, 0)
2026-03-15 03:37:24,323 INFO sqlalchemy.engine.Engine ROLLBACK
127.0.0.1 - - [15/Mar/2026 03:37:24] "[31m[1mPOST /api/auth/login HTTP/1.1[0m" 401 -
2026-03-15 03:37:31,512 INFO sqlalchemy.engine.Engine BEGIN (implicit)
2026-03-15 03:37:31,512 INFO sqlalchemy.engine.Engine SELECT users.id AS users_id, users.username AS users_username, users.email AS users_email, users.password_hash AS users_password_hash, users.role AS users_role, users.created_at AS users_created_at, users.is_active AS users_is_active 
FROM users 
WHERE users.email = ?
 LIMIT ? OFFSET ?
2026-03-15 03:37:31,513 INFO sqlalchemy.engine.Engine [cached since 7.191s ago] ('admin@test.com', 1, 0)
2026-03-15 03:37:31,890 INFO sqlalchemy.engine.Engine ROLLBACK
127.0.0.1 - - [15/Mar/2026 03:37:31] "POST /api/auth/login HTTP/1.1" 200 -
2026-03-15 03:37:41,232 INFO sqlalchemy.engine.Engine BEGIN (implicit)
2026-03-15 03:37:41,236 INFO sqlalchemy.engine.Engine SELECT subjects.id AS subjects_id, subjects.name AS subjects_name, subjects.code AS subjects_code, subjects.description AS subjects_description, subjects.created_at AS subjects_created_at 
FROM subjects 
WHERE subjects.id = ?
2026-03-15 03:37:41,236 INFO sqlalchemy.engine.Engine [generated in 0.00104s] (2,)
2026-03-15 03:37:41,242 INFO sqlalchemy.engine.Engine SELECT questions.id AS questions_id, questions.text AS questions_text, questions.question_type AS questions_question_type, questions.blooms_level AS questions_blooms_level, questions.difficulty AS questions_difficulty, questions.marks AS questions_marks, questions.option_a AS questions_option_a, questions.option_b AS questions_option_b, questions.option_c AS questions_option_c, questions.option_d AS questions_option_d, questions.correct_answer AS questions_correct_answer, questions.subject_id AS questions_subject_id, questions.created_by AS questions_created_by, questions.times_used AS questions_times_used, questions.created_at AS questions_created_at 
FROM questions 
WHERE questions.subject_id = ? AND questions.blooms_level = ? ORDER BY questions.times_used ASC
2026-03-15 03:37:41,242 INFO sqlalchemy.engine.Engine [generated in 0.00018s] (2, 'remember')
2026-03-15 03:37:41,250 INFO sqlalchemy.engine.Engine SELECT questions.id AS questions_id, questions.text AS questions_text, questions.question_type AS questions_question_type, questions.blooms_level AS questions_blooms_level, questions.difficulty AS questions_difficulty, questions.marks AS questions_marks, questions.option_a AS questions_option_a, questions.option_b AS questions_option_b, questions.option_c AS questions_option_c, questions.option_d AS questions_option_d, questions.correct_answer AS questions_correct_answer, questions.subject_id AS questions_subject_id, questions.created_by AS questions_created_by, questions.times_used AS questions_times_used, questions.created_at AS questions_created_at 
FROM questions 
WHERE questions.subject_id = ? AND questions.blooms_level = ? ORDER BY questions.times_used ASC
2026-03-15 03:37:41,250 INFO sqlalchemy.engine.Engine [cached since 0.008353s ago] (2, 'understand')
2026-03-15 03:37:41,256 INFO sqlalchemy.engine.Engine SELECT questions.id AS questions_id, questions.text AS questions_text, questions.question_type AS questions_question_type, questions.blooms_level AS questions_blooms_level, questions.difficulty AS questions_difficulty, questions.marks AS questions_marks, questions.option_a AS questions_option_a, questions.option_b AS questions_option_b, questions.option_c AS questions_option_c, questions.option_d AS questions_option_d, questions.correct_answer AS questions_correct_answer, questions.subject_id AS questions_subject_id, questions.created_by AS questions_created_by, questions.times_used AS questions_times_used, questions.created_at AS questions_created_at 
FROM questions 
WHERE questions.subject_id = ? AND questions.blooms_level = ? ORDER BY questions.times_used ASC
2026-03-15 03:37:41,256 INFO sqlalchemy.engine.Engine [cached since 0.0139s ago] (2, 'apply')
2026-03-15 03:37:41,257 INFO sqlalchemy.engine.Engine SELECT questions.id AS questions_id, questions.text AS questions_text, questions.question_type AS questions_question_type, questions.blooms_level AS questions_blooms_level, questions.difficulty AS questions_difficulty, questions.marks AS questions_marks, questions.option_a AS questions_option_a, questions.option_b AS questions_option_b, questions.option_c AS questions_option_c, questions.option_d AS questions_option_d, questions.correct_answer AS questions_correct_answer, questions.subject_id AS questions_subject_id, questions.created_by AS questions_created_by, questions.times_used AS questions_times_used, questions.created_at AS questions_created_at 
FROM questions 
WHERE questions.subject_id = ? AND questions.blooms_level = ? ORDER BY questions.times_used ASC
2026-03-15 03:37:41,257 INFO sqlalchemy.engine.Engine [cached since 0.01468s ago] (2, 'analyze')
2026-03-15 03:37:41,258 INFO sqlalchemy.engine.Engine SELECT questions.id AS questions_id, questions.text AS questions_text, questions.question_type AS questions_question_type, questions.blooms_level AS questions_blooms_level, questions.difficulty AS questions_difficulty, questions.marks AS questions_marks, questions.option_a AS questions_option_a, questions.option_b AS questions_option_b, questions.option_c AS questions_option_c, questions.option_d AS questions_option_d, questions.correct_answer AS questions_correct_answer, questions.subject_id AS questions_subject_id, questions.created_by AS questions_created_by, questions.times_used AS questions_times_used, questions.created_at AS questions_created_at 
FROM questions 
WHERE questions.subject_id = ? AND questions.blooms_level = ? ORDER BY questions.times_used ASC
2026-03-15 03:37:41,258 INFO sqlalchemy.engine.Engine [cached since 0.01606s ago] (2, 'evaluate')
2026-03-15 03:37:41,259 INFO sqlalchemy.engine.Engine SELECT questions.id AS questions_id, questions.text AS questions_text, questions.question_type AS questions_question_type, questions.blooms_level AS questions_blooms_level, questions.difficulty AS questions_difficulty, questions.marks AS questions_marks, questions.option_a AS questions_option_a, questions.option_b AS questions_option_b, questions.option_c AS questions_option_c, questions.option_d AS questions_option_d, questions.correct_answer AS questions_correct_answer, questions.subject_id AS questions_subject_id, questions.created_by AS questions_created_by, questions.times_used AS questions_times_used, questions.created_at AS questions_created_at 
FROM questions 
WHERE questions.subject_id = ? AND questions.blooms_level = ? ORDER BY questions.times_used ASC
2026-03-15 03:37:41,259 INFO sqlalchemy.engine.Engine [cached since 0.01706s ago] (2, 'create')
2026-03-15 03:37:41,262 INFO sqlalchemy.engine.Engine INSERT INTO papers (title, total_marks, duration_minutes, config, status, subject_id, created_by, created_at) VALUES (?, ?, ?, ?, ?, ?, ?, ?)
2026-03-15 03:37:41,262 INFO sqlalchemy.engine.Engine [generated in 0.00028s] ('DBMS TEST 100', 100, 180, '{"blooms_distribution": {"remember": 20, "understand": 30, "apply": 30, "analyze": 10, "evaluate": 5, "create": 5}, "difficulty_distribution": {"easy": 30, "medium": 50, "hard": 20}, "question_type": "mixed"}', 'draft', 2, 2, '2026-03-14 22:07:41.261934')
2026-03-15 03:37:41,266 INFO sqlalchemy.engine.Engine SELECT questions.id AS questions_id, questions.text AS questions_text, questions.question_type AS questions_question_type, questions.blooms_level AS questions_blooms_level, questions.difficulty AS questions_difficulty, questions.marks AS questions_marks, questions.option_a AS questions_option_a, questions.option_b AS questions_option_b, questions.option_c AS questions_option_c, questions.option_d AS questions_option_d, questions.correct_answer AS questions_correct_answer, questions.subject_id AS questions_subject_id, questions.created_by AS questions_created_by, questions.times_used AS questions_times_used, questions.created_at AS questions_created_at 
FROM questions, paper_questions 
WHERE ? = paper_questions.paper_id AND questions.id = paper_questions.question_id
2026-03-15 03:37:41,266 INFO sqlalchemy.engine.Engine [generated in 0.00027s] (4,)
2026-03-15 03:37:41,267 INFO sqlalchemy.engine.Engine ROLLBACK
127.0.0.1 - - [15/Mar/2026 03:37:41] "[35m[1mPOST /api/papers/generate HTTP/1.1[0m" 500 -
Traceback (most recent call last):
  File "/opt/anaconda3/lib/python3.13/site-packages/flask/app.py", line 1478, in __call__
    return self.wsgi_app(environ, start_response)
           ~~~~~~~~~~~~~^^^^^^^^^^^^^^^^^^^^^^^^^
  File "/opt/anaconda3/lib/python3.13/site-packages/flask/app.py", line 1458, in wsgi_app
    response = self.handle_exception(e)
  File "/opt/anaconda3/lib/python3.13/site-packages/flask_cors/extension.py", line 176, in wrapped_function
    return cors_after_request(app.make_response(f(*args, **kwargs)))
                                                ~^^^^^^^^^^^^^^^^^
  File "/opt/anaconda3/lib/python3.13/site-packages/flask/app.py", line 1455, in wsgi_app
    response = self.full_dispatch_request()
  File "/opt/anaconda3/lib/python3.13/site-packages/flask/app.py", line 869, in full_dispatch_request
    rv = self.handle_user_exception(e)
  File "/opt/anaconda3/lib/python3.13/site-packages/flask_cors/extension.py", line 176, in wrapped_function
    return cors_after_request(app.make_response(f(*args, **kwargs)))
                                                ~^^^^^^^^^^^^^^^^^
  File "/opt/anaconda3/lib/python3.13/site-packages/flask/app.py", line 867, in full_dispatch_request
    rv = self.dispatch_request()
  File "/opt/anaconda3/lib/python3.13/site-packages/flask/app.py", line 852, in dispatch_request
    return self.ensure_sync(self.view_functions[rule.endpoint])(**view_args)
           ~~~~~~~~~~~~~~~~~~~~~~~~~~~~~~~~~~~~~~~~~~~~~~~~~~~~^^^^^^^^^^^^^
  File "/opt/anaconda3/lib/python3.13/site-packages/flask_jwt_extended/view_decorators.py", line 170, in decorator
    return current_app.ensure_sync(fn)(*args, **kwargs)
           ~~~~~~~~~~~~~~~~~~~~~~~~~~~^^^^^^^^^^^^^^^^^
  File "/Users/niteshsharma/Desktop/minor-project-app/backend/app/routes/papers.py", line 101, in create_paper
    question.times_used += 1  # track usage
    ^^^^^^^^^^^^^^^^^^^^^^^^
TypeError: unsupported operand type(s) for +=: 'NoneType' and 'int'
 * Detected change in '/Users/niteshsharma/Desktop/minor-project-app/backend/app/routes/papers.py', reloading
 * Restarting with watchdog (fsevents)
2026-03-15 03:38:00,296 INFO sqlalchemy.engine.Engine BEGIN (implicit)
2026-03-15 03:38:00,296 INFO sqlalchemy.engine.Engine PRAGMA main.table_info("users")
2026-03-15 03:38:00,296 INFO sqlalchemy.engine.Engine [raw sql] ()
2026-03-15 03:38:00,296 INFO sqlalchemy.engine.Engine PRAGMA main.table_info("subjects")
2026-03-15 03:38:00,297 INFO sqlalchemy.engine.Engine [raw sql] ()
2026-03-15 03:38:00,297 INFO sqlalchemy.engine.Engine PRAGMA main.table_info("questions")
2026-03-15 03:38:00,297 INFO sqlalchemy.engine.Engine [raw sql] ()
2026-03-15 03:38:00,297 INFO sqlalchemy.engine.Engine PRAGMA main.table_info("paper_questions")
2026-03-15 03:38:00,297 INFO sqlalchemy.engine.Engine [raw sql] ()
2026-03-15 03:38:00,297 INFO sqlalchemy.engine.Engine PRAGMA main.table_info("papers")
2026-03-15 03:38:00,297 INFO sqlalchemy.engine.Engine [raw sql] ()
2026-03-15 03:38:00,297 INFO sqlalchemy.engine.Engine COMMIT
2026-03-15 03:38:00,304 INFO sqlalchemy.engine.Engine BEGIN (implicit)
2026-03-15 03:38:00,306 INFO sqlalchemy.engine.Engine SELECT subjects.id AS subjects_id, subjects.name AS subjects_name, subjects.code AS subjects_code, subjects.description AS subjects_description, subjects.created_at AS subjects_created_at 
FROM subjects
 LIMIT ? OFFSET ?
2026-03-15 03:38:00,306 INFO sqlalchemy.engine.Engine [generated in 0.00011s] (1, 0)
2026-03-15 03:38:00,306 INFO sqlalchemy.engine.Engine ROLLBACK
 * Debugger is active!
 * Debugger PIN: 127-591-230

🚀 Starting Flask...
📍 Visit: http://localhost:5000

2026-03-15 03:38:03,283 INFO sqlalchemy.engine.Engine BEGIN (implicit)
2026-03-15 03:38:03,284 INFO sqlalchemy.engine.Engine SELECT subjects.id AS subjects_id, subjects.name AS subjects_name, subjects.code AS subjects_code, subjects.description AS subjects_description, subjects.created_at AS subjects_created_at 
FROM subjects 
WHERE subjects.id = ?
2026-03-15 03:38:03,284 INFO sqlalchemy.engine.Engine [generated in 0.00018s] (2,)
2026-03-15 03:38:03,287 INFO sqlalchemy.engine.Engine SELECT questions.id AS questions_id, questions.text AS questions_text, questions.question_type AS questions_question_type, questions.blooms_level AS questions_blooms_level, questions.difficulty AS questions_difficulty, questions.marks AS questions_marks, questions.option_a AS questions_option_a, questions.option_b AS questions_option_b, questions.option_c AS questions_option_c, questions.option_d AS questions_option_d, questions.correct_answer AS questions_correct_answer, questions.subject_id AS questions_subject_id, questions.created_by AS questions_created_by, questions.times_used AS questions_times_used, questions.created_at AS questions_created_at 
FROM questions 
WHERE questions.subject_id = ? AND questions.blooms_level = ? ORDER BY questions.times_used ASC
2026-03-15 03:38:03,287 INFO sqlalchemy.engine.Engine [generated in 0.00015s] (2, 'remember')
2026-03-15 03:38:03,288 INFO sqlalchemy.engine.Engine SELECT questions.id AS questions_id, questions.text AS questions_text, questions.question_type AS questions_question_type, questions.blooms_level AS questions_blooms_level, questions.difficulty AS questions_difficulty, questions.marks AS questions_marks, questions.option_a AS questions_option_a, questions.option_b AS questions_option_b, questions.option_c AS questions_option_c, questions.option_d AS questions_option_d, questions.correct_answer AS questions_correct_answer, questions.subject_id AS questions_subject_id, questions.created_by AS questions_created_by, questions.times_used AS questions_times_used, questions.created_at AS questions_created_at 
FROM questions 
WHERE questions.subject_id = ? AND questions.blooms_level = ? ORDER BY questions.times_used ASC
2026-03-15 03:38:03,288 INFO sqlalchemy.engine.Engine [cached since 0.001414s ago] (2, 'understand')
2026-03-15 03:38:03,289 INFO sqlalchemy.engine.Engine SELECT questions.id AS questions_id, questions.text AS questions_text, questions.question_type AS questions_question_type, questions.blooms_level AS questions_blooms_level, questions.difficulty AS questions_difficulty, questions.marks AS questions_marks, questions.option_a AS questions_option_a, questions.option_b AS questions_option_b, questions.option_c AS questions_option_c, questions.option_d AS questions_option_d, questions.correct_answer AS questions_correct_answer, questions.subject_id AS questions_subject_id, questions.created_by AS questions_created_by, questions.times_used AS questions_times_used, questions.created_at AS questions_created_at 
FROM questions 
WHERE questions.subject_id = ? AND questions.blooms_level = ? ORDER BY questions.times_used ASC
2026-03-15 03:38:03,289 INFO sqlalchemy.engine.Engine [cached since 0.002073s ago] (2, 'apply')
2026-03-15 03:38:03,289 INFO sqlalchemy.engine.Engine SELECT questions.id AS questions_id, questions.text AS questions_text, questions.question_type AS questions_question_type, questions.blooms_level AS questions_blooms_level, questions.difficulty AS questions_difficulty, questions.marks AS questions_marks, questions.option_a AS questions_option_a, questions.option_b AS questions_option_b, questions.option_c AS questions_option_c, questions.option_d AS questions_option_d, questions.correct_answer AS questions_correct_answer, questions.subject_id AS questions_subject_id, questions.created_by AS questions_created_by, questions.times_used AS questions_times_used, questions.created_at AS questions_created_at 
FROM questions 
WHERE questions.subject_id = ? AND questions.blooms_level = ? ORDER BY questions.times_used ASC
2026-03-15 03:38:03,289 INFO sqlalchemy.engine.Engine [cached since 0.00253s ago] (2, 'analyze')
2026-03-15 03:38:03,290 INFO sqlalchemy.engine.Engine SELECT questions.id AS questions_id, questions.text AS questions_text, questions.question_type AS questions_question_type, questions.blooms_level AS questions_blooms_level, questions.difficulty AS questions_difficulty, questions.marks AS questions_marks, questions.option_a AS questions_option_a, questions.option_b AS questions_option_b, questions.option_c AS questions_option_c, questions.option_d AS questions_option_d, questions.correct_answer AS questions_correct_answer, questions.subject_id AS questions_subject_id, questions.created_by AS questions_created_by, questions.times_used AS questions_times_used, questions.created_at AS questions_created_at 
FROM questions 
WHERE questions.subject_id = ? AND questions.blooms_level = ? ORDER BY questions.times_used ASC
2026-03-15 03:38:03,290 INFO sqlalchemy.engine.Engine [cached since 0.002966s ago] (2, 'evaluate')
2026-03-15 03:38:03,290 INFO sqlalchemy.engine.Engine SELECT questions.id AS questions_id, questions.text AS questions_text, questions.question_type AS questions_question_type, questions.blooms_level AS questions_blooms_level, questions.difficulty AS questions_difficulty, questions.marks AS questions_marks, questions.option_a AS questions_option_a, questions.option_b AS questions_option_b, questions.option_c AS questions_option_c, questions.option_d AS questions_option_d, questions.correct_answer AS questions_correct_answer, questions.subject_id AS questions_subject_id, questions.created_by AS questions_created_by, questions.times_used AS questions_times_used, questions.created_at AS questions_created_at 
FROM questions 
WHERE questions.subject_id = ? AND questions.blooms_level = ? ORDER BY questions.times_used ASC
2026-03-15 03:38:03,290 INFO sqlalchemy.engine.Engine [cached since 0.003356s ago] (2, 'create')
2026-03-15 03:38:03,292 INFO sqlalchemy.engine.Engine INSERT INTO papers (title, total_marks, duration_minutes, config, status, subject_id, created_by, created_at) VALUES (?, ?, ?, ?, ?, ?, ?, ?)
2026-03-15 03:38:03,292 INFO sqlalchemy.engine.Engine [generated in 0.00020s] ('Final Success Test 100', 100, 180, '{"blooms_distribution": {"remember": 20, "understand": 30, "apply": 30, "analyze": 10, "evaluate": 5, "create": 5}, "difficulty_distribution": {"easy": 30, "medium": 50, "hard": 20}, "question_type": "mixed"}', 'draft', 2, 2, '2026-03-14 22:08:03.292188')
2026-03-15 03:38:03,294 INFO sqlalchemy.engine.Engine SELECT questions.id AS questions_id, questions.text AS questions_text, questions.question_type AS questions_question_type, questions.blooms_level AS questions_blooms_level, questions.difficulty AS questions_difficulty, questions.marks AS questions_marks, questions.option_a AS questions_option_a, questions.option_b AS questions_option_b, questions.option_c AS questions_option_c, questions.option_d AS questions_option_d, questions.correct_answer AS questions_correct_answer, questions.subject_id AS questions_subject_id, questions.created_by AS questions_created_by, questions.times_used AS questions_times_used, questions.created_at AS questions_created_at 
FROM questions, paper_questions 
WHERE ? = paper_questions.paper_id AND questions.id = paper_questions.question_id
2026-03-15 03:38:03,295 INFO sqlalchemy.engine.Engine [generated in 0.00017s] (4,)
2026-03-15 03:38:03,297 INFO sqlalchemy.engine.Engine UPDATE questions SET times_used=? WHERE questions.id = ?
2026-03-15 03:38:03,297 INFO sqlalchemy.engine.Engine [generated in 0.00016s] [(1, 30), (1, 31), (1, 32), (1, 33), (1, 34), (1, 35), (1, 36), (1, 37)  ... displaying 10 of 19 total bound parameter sets ...  (1, 49), (1, 55)]
2026-03-15 03:38:03,298 INFO sqlalchemy.engine.Engine INSERT INTO paper_questions (paper_id, question_id, "order") VALUES (?, ?, ?)
2026-03-15 03:38:03,298 INFO sqlalchemy.engine.Engine [generated in 0.00013s] [(4, 30, 0), (4, 31, 0), (4, 33, 0), (4, 35, 0), (4, 38, 0), (4, 39, 0), (4, 37, 0), (4, 48, 0)  ... displaying 10 of 19 total bound parameter sets ...  (4, 55, 0), (4, 42, 0)]
2026-03-15 03:38:03,298 INFO sqlalchemy.engine.Engine COMMIT
2026-03-15 03:38:03,299 INFO sqlalchemy.engine.Engine BEGIN (implicit)
2026-03-15 03:38:03,300 INFO sqlalchemy.engine.Engine SELECT papers.id AS papers_id, papers.title AS papers_title, papers.total_marks AS papers_total_marks, papers.duration_minutes AS papers_duration_minutes, papers.config AS papers_config, papers.status AS papers_status, papers.subject_id AS papers_subject_id, papers.created_by AS papers_created_by, papers.created_at AS papers_created_at 
FROM papers 
WHERE papers.id = ?
2026-03-15 03:38:03,300 INFO sqlalchemy.engine.Engine [generated in 0.00021s] (4,)
2026-03-15 03:38:03,302 INFO sqlalchemy.engine.Engine SELECT questions.id AS questions_id, questions.text AS questions_text, questions.question_type AS questions_question_type, questions.blooms_level AS questions_blooms_level, questions.difficulty AS questions_difficulty, questions.marks AS questions_marks, questions.option_a AS questions_option_a, questions.option_b AS questions_option_b, questions.option_c AS questions_option_c, questions.option_d AS questions_option_d, questions.correct_answer AS questions_correct_answer, questions.subject_id AS questions_subject_id, questions.created_by AS questions_created_by, questions.times_used AS questions_times_used, questions.created_at AS questions_created_at 
FROM questions, paper_questions 
WHERE ? = paper_questions.paper_id AND questions.id = paper_questions.question_id
2026-03-15 03:38:03,302 INFO sqlalchemy.engine.Engine [cached since 0.007218s ago] (4,)
2026-03-15 03:38:03,303 INFO sqlalchemy.engine.Engine ROLLBACK
127.0.0.1 - - [15/Mar/2026 03:38:03] "[35m[1mPOST /api/papers/generate HTTP/1.1[0m" 201 -
/opt/anaconda3/lib/python3.13/multiprocessing/resource_tracker.py:324: UserWarning: resource_tracker: There appear to be 1 leaked semaphore objects to clean up at shutdown: {'/mp-8jzy6uw2'}
  warnings.warn(
/opt/anaconda3/lib/python3.13/multiprocessing/resource_tracker.py:324: UserWarning: resource_tracker: There appear to be 1 leaked semaphore objects to clean up at shutdown: {'/mp-cruprvvq'}
  warnings.warn(
